FastTree Version 2.1.11 Double precision (No SSE3)
Alignment: standard input
Nucleotide distances: Jukes-Cantor Joins: balanced Support: SH-like 1000
Search: Normal +NNI +SPR (2 rounds range 10) +ML-NNI opt-each=1
TopHits: 1.00*sqrtN close=default refresh=0.80
ML Model: Generalized Time-Reversible, CAT approximation with 20 rate categories
Ignored unknown character r (seen 1 times)
Initial topology in 0.01 seconds
Refining topology: 21 rounds ME-NNIs, 2 rounds ME-SPRs, 10 rounds ML-NNIs
Total branch-length 0.431 after 0.06 sec
ML-NNI round 1: LogLk = -1457.912 NNIs 8 max delta 4.42 Time 0.09
GTR Frequencies: 0.3298 0.2240 0.2073 0.2388
GTR rates(ac ag at cg ct gt) 2.2321 5.0640 4.4183 0.8446 12.4629 1.0000
Switched to using 20 rate categories (CAT approximation)
Rate categories were divided by 0.742 so that average rate = 1.0
CAT-based log-likelihoods may not be comparable across runs
Use -gamma for approximate but comparable Gamma(20) log-likelihoods
ML-NNI round 2: LogLk = -1327.491 NNIs 4 max delta 0.01 Time 0.25
Turning off heuristics for final round of ML NNIs (converged)
ML-NNI round 3: LogLk = -1327.489 NNIs 3 max delta 0.00 Time 0.29 (final)
Optimize all lengths: LogLk = -1327.489 Time 0.30
Total time: 0.39 seconds Unique: 38/69 Bad splits: 0/35
