Reformatting file sequence identifiers ...

Reformatting file sequence identifiers ...

Initial number of reads ( /var/lib/condor/execute/dir_4117686/paired/reformatted_identifiersiz30ryvi_QDK21_DZ046-1_R1 ): 2279594.0
Initial number of reads ( /var/lib/condor/execute/dir_4117686/paired/reformatted_identifiers2758ksy8_QDK21_DZ046-1_R2 ): 2279594.0
Bypass trimming
Total reads after trimming ( /var/lib/condor/execute/dir_4117686/paired/reformatted_identifiersiz30ryvi_QDK21_DZ046-1_R1 ): 2279594.0
Total reads after trimming ( /var/lib/condor/execute/dir_4117686/paired/reformatted_identifiers2758ksy8_QDK21_DZ046-1_R2 ): 2279594.0
Decontaminating ...
Running bowtie2 ... 
Total reads after removing those found in reference database ( /var/lib/condor/execute/dir_4117686/paired/QDK21_DZ046-1_R1_kneaddata_univec_bowtie2_paired_clean_1.fastq ): 2277478.0
Total reads after removing those found in reference database ( /var/lib/condor/execute/dir_4117686/paired/QDK21_DZ046-1_R1_kneaddata_univec_bowtie2_paired_clean_2.fastq ): 2277478.0
Total reads after merging results from multiple databases ( /var/lib/condor/execute/dir_4117686/paired/QDK21_DZ046-1_R1_kneaddata_paired_1.fastq ): 2277478.0
Total reads after merging results from multiple databases ( /var/lib/condor/execute/dir_4117686/paired/QDK21_DZ046-1_R1_kneaddata_paired_2.fastq ): 2277478.0
Total reads after removing those found in reference database ( /var/lib/condor/execute/dir_4117686/paired/QDK21_DZ046-1_R1_kneaddata_univec_bowtie2_unmatched_1_clean.fastq ): 0.0
Total reads after merging results from multiple databases ( /var/lib/condor/execute/dir_4117686/paired/QDK21_DZ046-1_R1_kneaddata_unmatched_1.fastq ): 0.0
Total reads after removing those found in reference database ( /var/lib/condor/execute/dir_4117686/paired/QDK21_DZ046-1_R1_kneaddata_univec_bowtie2_unmatched_2_clean.fastq ): 0.0
Total reads after merging results from multiple databases ( /var/lib/condor/execute/dir_4117686/paired/QDK21_DZ046-1_R1_kneaddata_unmatched_2.fastq ): 0.0

Final output files created: 
/var/lib/condor/execute/dir_4117686/paired/QDK21_DZ046-1_R1_kneaddata_paired_1.fastq
/var/lib/condor/execute/dir_4117686/paired/QDK21_DZ046-1_R1_kneaddata_paired_2.fastq
/var/lib/condor/execute/dir_4117686/paired/QDK21_DZ046-1_R1_kneaddata_unmatched_1.fastq
/var/lib/condor/execute/dir_4117686/paired/QDK21_DZ046-1_R1_kneaddata_unmatched_2.fastq

Reformatting file sequence identifiers ...

Initial number of reads ( /var/lib/condor/execute/dir_4117686/single/reformatted_identifiersjg4kqj58_QDK21_DZ046-1_UN ): 114277.0
Bypass trimming
Total reads after trimming ( /var/lib/condor/execute/dir_4117686/single/reformatted_identifiersjg4kqj58_QDK21_DZ046-1_UN ): 114277.0
Decontaminating ...
Running bowtie2 ... 
Total reads after removing those found in reference database ( /var/lib/condor/execute/dir_4117686/single/QDK21_DZ046-1_UN_kneaddata_univec_bowtie2_clean.fastq ): 113990.0
Total reads after merging results from multiple databases ( /var/lib/condor/execute/dir_4117686/single/QDK21_DZ046-1_UN_kneaddata.fastq ): 113990.0

Final output file created: 
/var/lib/condor/execute/dir_4117686/single/QDK21_DZ046-1_UN_kneaddata.fastq

