Reformatting file sequence identifiers ...

Reformatting file sequence identifiers ...

Initial number of reads ( /var/lib/condor/execute/dir_1891101/paired/reformatted_identifiersj8cct2nt_QDK21_DZ111-1_R1 ): 1889945.0
Initial number of reads ( /var/lib/condor/execute/dir_1891101/paired/reformatted_identifiers2mltxf4c_QDK21_DZ111-1_R2 ): 1889945.0
Bypass trimming
Total reads after trimming ( /var/lib/condor/execute/dir_1891101/paired/reformatted_identifiersj8cct2nt_QDK21_DZ111-1_R1 ): 1889945.0
Total reads after trimming ( /var/lib/condor/execute/dir_1891101/paired/reformatted_identifiers2mltxf4c_QDK21_DZ111-1_R2 ): 1889945.0
Decontaminating ...
Running bowtie2 ... 
Total reads after removing those found in reference database ( /var/lib/condor/execute/dir_1891101/paired/QDK21_DZ111-1_R1_kneaddata_univec_bowtie2_paired_clean_1.fastq ): 1888214.0
Total reads after removing those found in reference database ( /var/lib/condor/execute/dir_1891101/paired/QDK21_DZ111-1_R1_kneaddata_univec_bowtie2_paired_clean_2.fastq ): 1888214.0
Total reads after merging results from multiple databases ( /var/lib/condor/execute/dir_1891101/paired/QDK21_DZ111-1_R1_kneaddata_paired_1.fastq ): 1888214.0
Total reads after merging results from multiple databases ( /var/lib/condor/execute/dir_1891101/paired/QDK21_DZ111-1_R1_kneaddata_paired_2.fastq ): 1888214.0
Total reads after removing those found in reference database ( /var/lib/condor/execute/dir_1891101/paired/QDK21_DZ111-1_R1_kneaddata_univec_bowtie2_unmatched_1_clean.fastq ): 0.0
Total reads after merging results from multiple databases ( /var/lib/condor/execute/dir_1891101/paired/QDK21_DZ111-1_R1_kneaddata_unmatched_1.fastq ): 0.0
Total reads after removing those found in reference database ( /var/lib/condor/execute/dir_1891101/paired/QDK21_DZ111-1_R1_kneaddata_univec_bowtie2_unmatched_2_clean.fastq ): 0.0
Total reads after merging results from multiple databases ( /var/lib/condor/execute/dir_1891101/paired/QDK21_DZ111-1_R1_kneaddata_unmatched_2.fastq ): 0.0

Final output files created: 
/var/lib/condor/execute/dir_1891101/paired/QDK21_DZ111-1_R1_kneaddata_paired_1.fastq
/var/lib/condor/execute/dir_1891101/paired/QDK21_DZ111-1_R1_kneaddata_paired_2.fastq
/var/lib/condor/execute/dir_1891101/paired/QDK21_DZ111-1_R1_kneaddata_unmatched_1.fastq
/var/lib/condor/execute/dir_1891101/paired/QDK21_DZ111-1_R1_kneaddata_unmatched_2.fastq

Reformatting file sequence identifiers ...

Initial number of reads ( /var/lib/condor/execute/dir_1891101/single/reformatted_identifierssrfqb_5__QDK21_DZ111-1_UN ): 99034.0
Bypass trimming
Total reads after trimming ( /var/lib/condor/execute/dir_1891101/single/reformatted_identifierssrfqb_5__QDK21_DZ111-1_UN ): 99034.0
Decontaminating ...
Running bowtie2 ... 
Total reads after removing those found in reference database ( /var/lib/condor/execute/dir_1891101/single/QDK21_DZ111-1_UN_kneaddata_univec_bowtie2_clean.fastq ): 98781.0
Total reads after merging results from multiple databases ( /var/lib/condor/execute/dir_1891101/single/QDK21_DZ111-1_UN_kneaddata.fastq ): 98781.0

Final output file created: 
/var/lib/condor/execute/dir_1891101/single/QDK21_DZ111-1_UN_kneaddata.fastq

