Reformatting file sequence identifiers ...

Reformatting file sequence identifiers ...

Initial number of reads ( /var/lib/condor/execute/dir_1907921/paired/reformatted_identifierso_y1l8xk_QDK21_DZ120-2_R1 ): 2689023.0
Initial number of reads ( /var/lib/condor/execute/dir_1907921/paired/reformatted_identifiersrqx1x2ai_QDK21_DZ120-2_R2 ): 2689023.0
Bypass trimming
Total reads after trimming ( /var/lib/condor/execute/dir_1907921/paired/reformatted_identifierso_y1l8xk_QDK21_DZ120-2_R1 ): 2689023.0
Total reads after trimming ( /var/lib/condor/execute/dir_1907921/paired/reformatted_identifiersrqx1x2ai_QDK21_DZ120-2_R2 ): 2689023.0
Decontaminating ...
Running bowtie2 ... 
Total reads after removing those found in reference database ( /var/lib/condor/execute/dir_1907921/paired/QDK21_DZ120-2_R1_kneaddata_univec_bowtie2_paired_clean_1.fastq ): 2685830.0
Total reads after removing those found in reference database ( /var/lib/condor/execute/dir_1907921/paired/QDK21_DZ120-2_R1_kneaddata_univec_bowtie2_paired_clean_2.fastq ): 2685830.0
Total reads after merging results from multiple databases ( /var/lib/condor/execute/dir_1907921/paired/QDK21_DZ120-2_R1_kneaddata_paired_1.fastq ): 2685830.0
Total reads after merging results from multiple databases ( /var/lib/condor/execute/dir_1907921/paired/QDK21_DZ120-2_R1_kneaddata_paired_2.fastq ): 2685830.0
Total reads after removing those found in reference database ( /var/lib/condor/execute/dir_1907921/paired/QDK21_DZ120-2_R1_kneaddata_univec_bowtie2_unmatched_1_clean.fastq ): 0.0
Total reads after merging results from multiple databases ( /var/lib/condor/execute/dir_1907921/paired/QDK21_DZ120-2_R1_kneaddata_unmatched_1.fastq ): 0.0
Total reads after removing those found in reference database ( /var/lib/condor/execute/dir_1907921/paired/QDK21_DZ120-2_R1_kneaddata_univec_bowtie2_unmatched_2_clean.fastq ): 0.0
Total reads after merging results from multiple databases ( /var/lib/condor/execute/dir_1907921/paired/QDK21_DZ120-2_R1_kneaddata_unmatched_2.fastq ): 0.0

Final output files created: 
/var/lib/condor/execute/dir_1907921/paired/QDK21_DZ120-2_R1_kneaddata_paired_1.fastq
/var/lib/condor/execute/dir_1907921/paired/QDK21_DZ120-2_R1_kneaddata_paired_2.fastq
/var/lib/condor/execute/dir_1907921/paired/QDK21_DZ120-2_R1_kneaddata_unmatched_1.fastq
/var/lib/condor/execute/dir_1907921/paired/QDK21_DZ120-2_R1_kneaddata_unmatched_2.fastq

Reformatting file sequence identifiers ...

Initial number of reads ( /var/lib/condor/execute/dir_1907921/single/reformatted_identifiers5x7gse81_QDK21_DZ120-2_UN ): 148973.0
Bypass trimming
Total reads after trimming ( /var/lib/condor/execute/dir_1907921/single/reformatted_identifiers5x7gse81_QDK21_DZ120-2_UN ): 148973.0
Decontaminating ...
Running bowtie2 ... 
Total reads after removing those found in reference database ( /var/lib/condor/execute/dir_1907921/single/QDK21_DZ120-2_UN_kneaddata_univec_bowtie2_clean.fastq ): 148396.0
Total reads after merging results from multiple databases ( /var/lib/condor/execute/dir_1907921/single/QDK21_DZ120-2_UN_kneaddata.fastq ): 148396.0

Final output file created: 
/var/lib/condor/execute/dir_1907921/single/QDK21_DZ120-2_UN_kneaddata.fastq

