Reformatting file sequence identifiers ...

Reformatting file sequence identifiers ...

Initial number of reads ( /var/lib/condor/execute/dir_821419/paired/reformatted_identifiersar7hojan_QDK21_DZ028-2_R1 ): 2301511.0
Initial number of reads ( /var/lib/condor/execute/dir_821419/paired/reformatted_identifiers69h20evd_QDK21_DZ028-2_R2 ): 2301511.0
Bypass trimming
Total reads after trimming ( /var/lib/condor/execute/dir_821419/paired/reformatted_identifiersar7hojan_QDK21_DZ028-2_R1 ): 2301511.0
Total reads after trimming ( /var/lib/condor/execute/dir_821419/paired/reformatted_identifiers69h20evd_QDK21_DZ028-2_R2 ): 2301511.0
Decontaminating ...
Running bowtie2 ... 
Total reads after removing those found in reference database ( /var/lib/condor/execute/dir_821419/paired/QDK21_DZ028-2_R1_kneaddata_univec_bowtie2_paired_clean_1.fastq ): 2296452.0
Total reads after removing those found in reference database ( /var/lib/condor/execute/dir_821419/paired/QDK21_DZ028-2_R1_kneaddata_univec_bowtie2_paired_clean_2.fastq ): 2296452.0
Total reads after merging results from multiple databases ( /var/lib/condor/execute/dir_821419/paired/QDK21_DZ028-2_R1_kneaddata_paired_1.fastq ): 2296452.0
Total reads after merging results from multiple databases ( /var/lib/condor/execute/dir_821419/paired/QDK21_DZ028-2_R1_kneaddata_paired_2.fastq ): 2296452.0
Total reads after removing those found in reference database ( /var/lib/condor/execute/dir_821419/paired/QDK21_DZ028-2_R1_kneaddata_univec_bowtie2_unmatched_1_clean.fastq ): 0.0
Total reads after merging results from multiple databases ( /var/lib/condor/execute/dir_821419/paired/QDK21_DZ028-2_R1_kneaddata_unmatched_1.fastq ): 0.0
Total reads after removing those found in reference database ( /var/lib/condor/execute/dir_821419/paired/QDK21_DZ028-2_R1_kneaddata_univec_bowtie2_unmatched_2_clean.fastq ): 0.0
Total reads after merging results from multiple databases ( /var/lib/condor/execute/dir_821419/paired/QDK21_DZ028-2_R1_kneaddata_unmatched_2.fastq ): 0.0

Final output files created: 
/var/lib/condor/execute/dir_821419/paired/QDK21_DZ028-2_R1_kneaddata_paired_1.fastq
/var/lib/condor/execute/dir_821419/paired/QDK21_DZ028-2_R1_kneaddata_paired_2.fastq
/var/lib/condor/execute/dir_821419/paired/QDK21_DZ028-2_R1_kneaddata_unmatched_1.fastq
/var/lib/condor/execute/dir_821419/paired/QDK21_DZ028-2_R1_kneaddata_unmatched_2.fastq

Reformatting file sequence identifiers ...

Initial number of reads ( /var/lib/condor/execute/dir_821419/single/reformatted_identifiersl6gf9n9a_QDK21_DZ028-2_UN ): 103516.0
Bypass trimming
Total reads after trimming ( /var/lib/condor/execute/dir_821419/single/reformatted_identifiersl6gf9n9a_QDK21_DZ028-2_UN ): 103516.0
Decontaminating ...
Running bowtie2 ... 
Total reads after removing those found in reference database ( /var/lib/condor/execute/dir_821419/single/QDK21_DZ028-2_UN_kneaddata_univec_bowtie2_clean.fastq ): 102899.0
Total reads after merging results from multiple databases ( /var/lib/condor/execute/dir_821419/single/QDK21_DZ028-2_UN_kneaddata.fastq ): 102899.0

Final output file created: 
/var/lib/condor/execute/dir_821419/single/QDK21_DZ028-2_UN_kneaddata.fastq

