Reformatting file sequence identifiers ...

Reformatting file sequence identifiers ...

Initial number of reads ( /var/lib/condor/execute/dir_1891044/paired/reformatted_identifiersiy4gyxpg_QDK21_DZ029-1_R1 ): 2819054.0
Initial number of reads ( /var/lib/condor/execute/dir_1891044/paired/reformatted_identifiersrqur2pui_QDK21_DZ029-1_R2 ): 2819054.0
Bypass trimming
Total reads after trimming ( /var/lib/condor/execute/dir_1891044/paired/reformatted_identifiersiy4gyxpg_QDK21_DZ029-1_R1 ): 2819054.0
Total reads after trimming ( /var/lib/condor/execute/dir_1891044/paired/reformatted_identifiersrqur2pui_QDK21_DZ029-1_R2 ): 2819054.0
Decontaminating ...
Running bowtie2 ... 
Total reads after removing those found in reference database ( /var/lib/condor/execute/dir_1891044/paired/QDK21_DZ029-1_R1_kneaddata_univec_bowtie2_paired_clean_1.fastq ): 2816433.0
Total reads after removing those found in reference database ( /var/lib/condor/execute/dir_1891044/paired/QDK21_DZ029-1_R1_kneaddata_univec_bowtie2_paired_clean_2.fastq ): 2816433.0
Total reads after merging results from multiple databases ( /var/lib/condor/execute/dir_1891044/paired/QDK21_DZ029-1_R1_kneaddata_paired_1.fastq ): 2816433.0
Total reads after merging results from multiple databases ( /var/lib/condor/execute/dir_1891044/paired/QDK21_DZ029-1_R1_kneaddata_paired_2.fastq ): 2816433.0
Total reads after removing those found in reference database ( /var/lib/condor/execute/dir_1891044/paired/QDK21_DZ029-1_R1_kneaddata_univec_bowtie2_unmatched_1_clean.fastq ): 0.0
Total reads after merging results from multiple databases ( /var/lib/condor/execute/dir_1891044/paired/QDK21_DZ029-1_R1_kneaddata_unmatched_1.fastq ): 0.0
Total reads after removing those found in reference database ( /var/lib/condor/execute/dir_1891044/paired/QDK21_DZ029-1_R1_kneaddata_univec_bowtie2_unmatched_2_clean.fastq ): 0.0
Total reads after merging results from multiple databases ( /var/lib/condor/execute/dir_1891044/paired/QDK21_DZ029-1_R1_kneaddata_unmatched_2.fastq ): 0.0

Final output files created: 
/var/lib/condor/execute/dir_1891044/paired/QDK21_DZ029-1_R1_kneaddata_paired_1.fastq
/var/lib/condor/execute/dir_1891044/paired/QDK21_DZ029-1_R1_kneaddata_paired_2.fastq
/var/lib/condor/execute/dir_1891044/paired/QDK21_DZ029-1_R1_kneaddata_unmatched_1.fastq
/var/lib/condor/execute/dir_1891044/paired/QDK21_DZ029-1_R1_kneaddata_unmatched_2.fastq

Reformatting file sequence identifiers ...

Initial number of reads ( /var/lib/condor/execute/dir_1891044/single/reformatted_identifierse996e5e0_QDK21_DZ029-1_UN ): 127625.0
Bypass trimming
Total reads after trimming ( /var/lib/condor/execute/dir_1891044/single/reformatted_identifierse996e5e0_QDK21_DZ029-1_UN ): 127625.0
Decontaminating ...
Running bowtie2 ... 
Total reads after removing those found in reference database ( /var/lib/condor/execute/dir_1891044/single/QDK21_DZ029-1_UN_kneaddata_univec_bowtie2_clean.fastq ): 127169.0
Total reads after merging results from multiple databases ( /var/lib/condor/execute/dir_1891044/single/QDK21_DZ029-1_UN_kneaddata.fastq ): 127169.0

Final output file created: 
/var/lib/condor/execute/dir_1891044/single/QDK21_DZ029-1_UN_kneaddata.fastq

