Reformatting file sequence identifiers ...

Reformatting file sequence identifiers ...

Initial number of reads ( /var/lib/condor/execute/dir_821465/paired/reformatted_identifiers0ervire5_QDK21_DZ097-2_R1 ): 1945458.0
Initial number of reads ( /var/lib/condor/execute/dir_821465/paired/reformatted_identifiersemfpl0l6_QDK21_DZ097-2_R2 ): 1945458.0
Bypass trimming
Total reads after trimming ( /var/lib/condor/execute/dir_821465/paired/reformatted_identifiers0ervire5_QDK21_DZ097-2_R1 ): 1945458.0
Total reads after trimming ( /var/lib/condor/execute/dir_821465/paired/reformatted_identifiersemfpl0l6_QDK21_DZ097-2_R2 ): 1945458.0
Decontaminating ...
Running bowtie2 ... 
Total reads after removing those found in reference database ( /var/lib/condor/execute/dir_821465/paired/QDK21_DZ097-2_R1_kneaddata_univec_bowtie2_paired_clean_1.fastq ): 1943464.0
Total reads after removing those found in reference database ( /var/lib/condor/execute/dir_821465/paired/QDK21_DZ097-2_R1_kneaddata_univec_bowtie2_paired_clean_2.fastq ): 1943464.0
Total reads after merging results from multiple databases ( /var/lib/condor/execute/dir_821465/paired/QDK21_DZ097-2_R1_kneaddata_paired_1.fastq ): 1943464.0
Total reads after merging results from multiple databases ( /var/lib/condor/execute/dir_821465/paired/QDK21_DZ097-2_R1_kneaddata_paired_2.fastq ): 1943464.0
Total reads after removing those found in reference database ( /var/lib/condor/execute/dir_821465/paired/QDK21_DZ097-2_R1_kneaddata_univec_bowtie2_unmatched_1_clean.fastq ): 0.0
Total reads after merging results from multiple databases ( /var/lib/condor/execute/dir_821465/paired/QDK21_DZ097-2_R1_kneaddata_unmatched_1.fastq ): 0.0
Total reads after removing those found in reference database ( /var/lib/condor/execute/dir_821465/paired/QDK21_DZ097-2_R1_kneaddata_univec_bowtie2_unmatched_2_clean.fastq ): 0.0
Total reads after merging results from multiple databases ( /var/lib/condor/execute/dir_821465/paired/QDK21_DZ097-2_R1_kneaddata_unmatched_2.fastq ): 0.0

Final output files created: 
/var/lib/condor/execute/dir_821465/paired/QDK21_DZ097-2_R1_kneaddata_paired_1.fastq
/var/lib/condor/execute/dir_821465/paired/QDK21_DZ097-2_R1_kneaddata_paired_2.fastq
/var/lib/condor/execute/dir_821465/paired/QDK21_DZ097-2_R1_kneaddata_unmatched_1.fastq
/var/lib/condor/execute/dir_821465/paired/QDK21_DZ097-2_R1_kneaddata_unmatched_2.fastq

Reformatting file sequence identifiers ...

Initial number of reads ( /var/lib/condor/execute/dir_821465/single/reformatted_identifiersofj8_whh_QDK21_DZ097-2_UN ): 97387.0
Bypass trimming
Total reads after trimming ( /var/lib/condor/execute/dir_821465/single/reformatted_identifiersofj8_whh_QDK21_DZ097-2_UN ): 97387.0
Decontaminating ...
Running bowtie2 ... 
Total reads after removing those found in reference database ( /var/lib/condor/execute/dir_821465/single/QDK21_DZ097-2_UN_kneaddata_univec_bowtie2_clean.fastq ): 97139.0
Total reads after merging results from multiple databases ( /var/lib/condor/execute/dir_821465/single/QDK21_DZ097-2_UN_kneaddata.fastq ): 97139.0

Final output file created: 
/var/lib/condor/execute/dir_821465/single/QDK21_DZ097-2_UN_kneaddata.fastq

