Reformatting file sequence identifiers ...

Reformatting file sequence identifiers ...

Initial number of reads ( /var/lib/condor/execute/dir_821437/paired/reformatted_identifierstxb4dkr5_QDK21_DZ052-2_R1 ): 1839558.0
Initial number of reads ( /var/lib/condor/execute/dir_821437/paired/reformatted_identifiers72cbcmg5_QDK21_DZ052-2_R2 ): 1839558.0
Bypass trimming
Total reads after trimming ( /var/lib/condor/execute/dir_821437/paired/reformatted_identifierstxb4dkr5_QDK21_DZ052-2_R1 ): 1839558.0
Total reads after trimming ( /var/lib/condor/execute/dir_821437/paired/reformatted_identifiers72cbcmg5_QDK21_DZ052-2_R2 ): 1839558.0
Decontaminating ...
Running bowtie2 ... 
Total reads after removing those found in reference database ( /var/lib/condor/execute/dir_821437/paired/QDK21_DZ052-2_R1_kneaddata_univec_bowtie2_paired_clean_1.fastq ): 1836211.0
Total reads after removing those found in reference database ( /var/lib/condor/execute/dir_821437/paired/QDK21_DZ052-2_R1_kneaddata_univec_bowtie2_paired_clean_2.fastq ): 1836211.0
Total reads after merging results from multiple databases ( /var/lib/condor/execute/dir_821437/paired/QDK21_DZ052-2_R1_kneaddata_paired_1.fastq ): 1836211.0
Total reads after merging results from multiple databases ( /var/lib/condor/execute/dir_821437/paired/QDK21_DZ052-2_R1_kneaddata_paired_2.fastq ): 1836211.0
Total reads after removing those found in reference database ( /var/lib/condor/execute/dir_821437/paired/QDK21_DZ052-2_R1_kneaddata_univec_bowtie2_unmatched_1_clean.fastq ): 0.0
Total reads after merging results from multiple databases ( /var/lib/condor/execute/dir_821437/paired/QDK21_DZ052-2_R1_kneaddata_unmatched_1.fastq ): 0.0
Total reads after removing those found in reference database ( /var/lib/condor/execute/dir_821437/paired/QDK21_DZ052-2_R1_kneaddata_univec_bowtie2_unmatched_2_clean.fastq ): 0.0
Total reads after merging results from multiple databases ( /var/lib/condor/execute/dir_821437/paired/QDK21_DZ052-2_R1_kneaddata_unmatched_2.fastq ): 0.0

Final output files created: 
/var/lib/condor/execute/dir_821437/paired/QDK21_DZ052-2_R1_kneaddata_paired_1.fastq
/var/lib/condor/execute/dir_821437/paired/QDK21_DZ052-2_R1_kneaddata_paired_2.fastq
/var/lib/condor/execute/dir_821437/paired/QDK21_DZ052-2_R1_kneaddata_unmatched_1.fastq
/var/lib/condor/execute/dir_821437/paired/QDK21_DZ052-2_R1_kneaddata_unmatched_2.fastq

Reformatting file sequence identifiers ...

Initial number of reads ( /var/lib/condor/execute/dir_821437/single/reformatted_identifiersxjx1my92_QDK21_DZ052-2_UN ): 95175.0
Bypass trimming
Total reads after trimming ( /var/lib/condor/execute/dir_821437/single/reformatted_identifiersxjx1my92_QDK21_DZ052-2_UN ): 95175.0
Decontaminating ...
Running bowtie2 ... 
Total reads after removing those found in reference database ( /var/lib/condor/execute/dir_821437/single/QDK21_DZ052-2_UN_kneaddata_univec_bowtie2_clean.fastq ): 94667.0
Total reads after merging results from multiple databases ( /var/lib/condor/execute/dir_821437/single/QDK21_DZ052-2_UN_kneaddata.fastq ): 94667.0

Final output file created: 
/var/lib/condor/execute/dir_821437/single/QDK21_DZ052-2_UN_kneaddata.fastq

