Reformatting file sequence identifiers ...

Reformatting file sequence identifiers ...

Initial number of reads ( /var/lib/condor/execute/dir_821424/paired/reformatted_identifiersv3vrx5qh_QDK21_DZ046-2_R1 ): 1465576.0
Initial number of reads ( /var/lib/condor/execute/dir_821424/paired/reformatted_identifiers251hw24p_QDK21_DZ046-2_R2 ): 1465576.0
Bypass trimming
Total reads after trimming ( /var/lib/condor/execute/dir_821424/paired/reformatted_identifiersv3vrx5qh_QDK21_DZ046-2_R1 ): 1465576.0
Total reads after trimming ( /var/lib/condor/execute/dir_821424/paired/reformatted_identifiers251hw24p_QDK21_DZ046-2_R2 ): 1465576.0
Decontaminating ...
Running bowtie2 ... 
Total reads after removing those found in reference database ( /var/lib/condor/execute/dir_821424/paired/QDK21_DZ046-2_R1_kneaddata_univec_bowtie2_paired_clean_1.fastq ): 1464022.0
Total reads after removing those found in reference database ( /var/lib/condor/execute/dir_821424/paired/QDK21_DZ046-2_R1_kneaddata_univec_bowtie2_paired_clean_2.fastq ): 1464022.0
Total reads after merging results from multiple databases ( /var/lib/condor/execute/dir_821424/paired/QDK21_DZ046-2_R1_kneaddata_paired_1.fastq ): 1464022.0
Total reads after merging results from multiple databases ( /var/lib/condor/execute/dir_821424/paired/QDK21_DZ046-2_R1_kneaddata_paired_2.fastq ): 1464022.0
Total reads after removing those found in reference database ( /var/lib/condor/execute/dir_821424/paired/QDK21_DZ046-2_R1_kneaddata_univec_bowtie2_unmatched_1_clean.fastq ): 0.0
Total reads after merging results from multiple databases ( /var/lib/condor/execute/dir_821424/paired/QDK21_DZ046-2_R1_kneaddata_unmatched_1.fastq ): 0.0
Total reads after removing those found in reference database ( /var/lib/condor/execute/dir_821424/paired/QDK21_DZ046-2_R1_kneaddata_univec_bowtie2_unmatched_2_clean.fastq ): 0.0
Total reads after merging results from multiple databases ( /var/lib/condor/execute/dir_821424/paired/QDK21_DZ046-2_R1_kneaddata_unmatched_2.fastq ): 0.0

Final output files created: 
/var/lib/condor/execute/dir_821424/paired/QDK21_DZ046-2_R1_kneaddata_paired_1.fastq
/var/lib/condor/execute/dir_821424/paired/QDK21_DZ046-2_R1_kneaddata_paired_2.fastq
/var/lib/condor/execute/dir_821424/paired/QDK21_DZ046-2_R1_kneaddata_unmatched_1.fastq
/var/lib/condor/execute/dir_821424/paired/QDK21_DZ046-2_R1_kneaddata_unmatched_2.fastq

Reformatting file sequence identifiers ...

Initial number of reads ( /var/lib/condor/execute/dir_821424/single/reformatted_identifiersz1ru0a4t_QDK21_DZ046-2_UN ): 80542.0
Bypass trimming
Total reads after trimming ( /var/lib/condor/execute/dir_821424/single/reformatted_identifiersz1ru0a4t_QDK21_DZ046-2_UN ): 80542.0
Decontaminating ...
Running bowtie2 ... 
Total reads after removing those found in reference database ( /var/lib/condor/execute/dir_821424/single/QDK21_DZ046-2_UN_kneaddata_univec_bowtie2_clean.fastq ): 80256.0
Total reads after merging results from multiple databases ( /var/lib/condor/execute/dir_821424/single/QDK21_DZ046-2_UN_kneaddata.fastq ): 80256.0

Final output file created: 
/var/lib/condor/execute/dir_821424/single/QDK21_DZ046-2_UN_kneaddata.fastq

