Reformatting file sequence identifiers ...

Reformatting file sequence identifiers ...

Initial number of reads ( /var/lib/condor/execute/dir_1891351/paired/reformatted_identifiers29i8szb0_QDK21_DZ111-2_R1 ): 1947103.0
Initial number of reads ( /var/lib/condor/execute/dir_1891351/paired/reformatted_identifiers43ht3efn_QDK21_DZ111-2_R2 ): 1947103.0
Bypass trimming
Total reads after trimming ( /var/lib/condor/execute/dir_1891351/paired/reformatted_identifiers29i8szb0_QDK21_DZ111-2_R1 ): 1947103.0
Total reads after trimming ( /var/lib/condor/execute/dir_1891351/paired/reformatted_identifiers43ht3efn_QDK21_DZ111-2_R2 ): 1947103.0
Decontaminating ...
Running bowtie2 ... 
Total reads after removing those found in reference database ( /var/lib/condor/execute/dir_1891351/paired/QDK21_DZ111-2_R1_kneaddata_univec_bowtie2_paired_clean_1.fastq ): 1943690.0
Total reads after removing those found in reference database ( /var/lib/condor/execute/dir_1891351/paired/QDK21_DZ111-2_R1_kneaddata_univec_bowtie2_paired_clean_2.fastq ): 1943690.0
Total reads after merging results from multiple databases ( /var/lib/condor/execute/dir_1891351/paired/QDK21_DZ111-2_R1_kneaddata_paired_1.fastq ): 1943690.0
Total reads after merging results from multiple databases ( /var/lib/condor/execute/dir_1891351/paired/QDK21_DZ111-2_R1_kneaddata_paired_2.fastq ): 1943690.0
Total reads after removing those found in reference database ( /var/lib/condor/execute/dir_1891351/paired/QDK21_DZ111-2_R1_kneaddata_univec_bowtie2_unmatched_1_clean.fastq ): 0.0
Total reads after merging results from multiple databases ( /var/lib/condor/execute/dir_1891351/paired/QDK21_DZ111-2_R1_kneaddata_unmatched_1.fastq ): 0.0
Total reads after removing those found in reference database ( /var/lib/condor/execute/dir_1891351/paired/QDK21_DZ111-2_R1_kneaddata_univec_bowtie2_unmatched_2_clean.fastq ): 0.0
Total reads after merging results from multiple databases ( /var/lib/condor/execute/dir_1891351/paired/QDK21_DZ111-2_R1_kneaddata_unmatched_2.fastq ): 0.0

Final output files created: 
/var/lib/condor/execute/dir_1891351/paired/QDK21_DZ111-2_R1_kneaddata_paired_1.fastq
/var/lib/condor/execute/dir_1891351/paired/QDK21_DZ111-2_R1_kneaddata_paired_2.fastq
/var/lib/condor/execute/dir_1891351/paired/QDK21_DZ111-2_R1_kneaddata_unmatched_1.fastq
/var/lib/condor/execute/dir_1891351/paired/QDK21_DZ111-2_R1_kneaddata_unmatched_2.fastq

Reformatting file sequence identifiers ...

Initial number of reads ( /var/lib/condor/execute/dir_1891351/single/reformatted_identifierskf6j5oe5_QDK21_DZ111-2_UN ): 108442.0
Bypass trimming
Total reads after trimming ( /var/lib/condor/execute/dir_1891351/single/reformatted_identifierskf6j5oe5_QDK21_DZ111-2_UN ): 108442.0
Decontaminating ...
Running bowtie2 ... 
Total reads after removing those found in reference database ( /var/lib/condor/execute/dir_1891351/single/QDK21_DZ111-2_UN_kneaddata_univec_bowtie2_clean.fastq ): 108072.0
Total reads after merging results from multiple databases ( /var/lib/condor/execute/dir_1891351/single/QDK21_DZ111-2_UN_kneaddata.fastq ): 108072.0

Final output file created: 
/var/lib/condor/execute/dir_1891351/single/QDK21_DZ111-2_UN_kneaddata.fastq

