Reformatting file sequence identifiers ...

Reformatting file sequence identifiers ...

Initial number of reads ( /var/lib/condor/execute/dir_4117682/paired/reformatted_identifiersv9vyiiq7_QDK21_DZ028-1_R1 ): 2572365.0
Initial number of reads ( /var/lib/condor/execute/dir_4117682/paired/reformatted_identifiers6p55252s_QDK21_DZ028-1_R2 ): 2572365.0
Bypass trimming
Total reads after trimming ( /var/lib/condor/execute/dir_4117682/paired/reformatted_identifiersv9vyiiq7_QDK21_DZ028-1_R1 ): 2572365.0
Total reads after trimming ( /var/lib/condor/execute/dir_4117682/paired/reformatted_identifiers6p55252s_QDK21_DZ028-1_R2 ): 2572365.0
Decontaminating ...
Running bowtie2 ... 
Total reads after removing those found in reference database ( /var/lib/condor/execute/dir_4117682/paired/QDK21_DZ028-1_R1_kneaddata_univec_bowtie2_paired_clean_1.fastq ): 2569092.0
Total reads after removing those found in reference database ( /var/lib/condor/execute/dir_4117682/paired/QDK21_DZ028-1_R1_kneaddata_univec_bowtie2_paired_clean_2.fastq ): 2569092.0
Total reads after merging results from multiple databases ( /var/lib/condor/execute/dir_4117682/paired/QDK21_DZ028-1_R1_kneaddata_paired_1.fastq ): 2569092.0
Total reads after merging results from multiple databases ( /var/lib/condor/execute/dir_4117682/paired/QDK21_DZ028-1_R1_kneaddata_paired_2.fastq ): 2569092.0
Total reads after removing those found in reference database ( /var/lib/condor/execute/dir_4117682/paired/QDK21_DZ028-1_R1_kneaddata_univec_bowtie2_unmatched_1_clean.fastq ): 0.0
Total reads after merging results from multiple databases ( /var/lib/condor/execute/dir_4117682/paired/QDK21_DZ028-1_R1_kneaddata_unmatched_1.fastq ): 0.0
Total reads after removing those found in reference database ( /var/lib/condor/execute/dir_4117682/paired/QDK21_DZ028-1_R1_kneaddata_univec_bowtie2_unmatched_2_clean.fastq ): 0.0
Total reads after merging results from multiple databases ( /var/lib/condor/execute/dir_4117682/paired/QDK21_DZ028-1_R1_kneaddata_unmatched_2.fastq ): 0.0

Final output files created: 
/var/lib/condor/execute/dir_4117682/paired/QDK21_DZ028-1_R1_kneaddata_paired_1.fastq
/var/lib/condor/execute/dir_4117682/paired/QDK21_DZ028-1_R1_kneaddata_paired_2.fastq
/var/lib/condor/execute/dir_4117682/paired/QDK21_DZ028-1_R1_kneaddata_unmatched_1.fastq
/var/lib/condor/execute/dir_4117682/paired/QDK21_DZ028-1_R1_kneaddata_unmatched_2.fastq

Reformatting file sequence identifiers ...

Initial number of reads ( /var/lib/condor/execute/dir_4117682/single/reformatted_identifiers1l8nu7jh_QDK21_DZ028-1_UN ): 115469.0
Bypass trimming
Total reads after trimming ( /var/lib/condor/execute/dir_4117682/single/reformatted_identifiers1l8nu7jh_QDK21_DZ028-1_UN ): 115469.0
Decontaminating ...
Running bowtie2 ... 
Total reads after removing those found in reference database ( /var/lib/condor/execute/dir_4117682/single/QDK21_DZ028-1_UN_kneaddata_univec_bowtie2_clean.fastq ): 114843.0
Total reads after merging results from multiple databases ( /var/lib/condor/execute/dir_4117682/single/QDK21_DZ028-1_UN_kneaddata.fastq ): 114843.0

Final output file created: 
/var/lib/condor/execute/dir_4117682/single/QDK21_DZ028-1_UN_kneaddata.fastq

