Reformatting file sequence identifiers ...

Reformatting file sequence identifiers ...

Initial number of reads ( /var/lib/condor/execute/dir_1891048/paired/reformatted_identifiersvkn8ym92_QDK21_DZ052-1_R1 ): 390995.0
Initial number of reads ( /var/lib/condor/execute/dir_1891048/paired/reformatted_identifierskxjl5q3b_QDK21_DZ052-1_R2 ): 390995.0
Bypass trimming
Total reads after trimming ( /var/lib/condor/execute/dir_1891048/paired/reformatted_identifiersvkn8ym92_QDK21_DZ052-1_R1 ): 390995.0
Total reads after trimming ( /var/lib/condor/execute/dir_1891048/paired/reformatted_identifierskxjl5q3b_QDK21_DZ052-1_R2 ): 390995.0
Decontaminating ...
Running bowtie2 ... 
Total reads after removing those found in reference database ( /var/lib/condor/execute/dir_1891048/paired/QDK21_DZ052-1_R1_kneaddata_univec_bowtie2_paired_clean_1.fastq ): 390031.0
Total reads after removing those found in reference database ( /var/lib/condor/execute/dir_1891048/paired/QDK21_DZ052-1_R1_kneaddata_univec_bowtie2_paired_clean_2.fastq ): 390031.0
Total reads after merging results from multiple databases ( /var/lib/condor/execute/dir_1891048/paired/QDK21_DZ052-1_R1_kneaddata_paired_1.fastq ): 390031.0
Total reads after merging results from multiple databases ( /var/lib/condor/execute/dir_1891048/paired/QDK21_DZ052-1_R1_kneaddata_paired_2.fastq ): 390031.0
Total reads after removing those found in reference database ( /var/lib/condor/execute/dir_1891048/paired/QDK21_DZ052-1_R1_kneaddata_univec_bowtie2_unmatched_1_clean.fastq ): 0.0
Total reads after merging results from multiple databases ( /var/lib/condor/execute/dir_1891048/paired/QDK21_DZ052-1_R1_kneaddata_unmatched_1.fastq ): 0.0
Total reads after removing those found in reference database ( /var/lib/condor/execute/dir_1891048/paired/QDK21_DZ052-1_R1_kneaddata_univec_bowtie2_unmatched_2_clean.fastq ): 0.0
Total reads after merging results from multiple databases ( /var/lib/condor/execute/dir_1891048/paired/QDK21_DZ052-1_R1_kneaddata_unmatched_2.fastq ): 0.0

Final output files created: 
/var/lib/condor/execute/dir_1891048/paired/QDK21_DZ052-1_R1_kneaddata_paired_1.fastq
/var/lib/condor/execute/dir_1891048/paired/QDK21_DZ052-1_R1_kneaddata_paired_2.fastq
/var/lib/condor/execute/dir_1891048/paired/QDK21_DZ052-1_R1_kneaddata_unmatched_1.fastq
/var/lib/condor/execute/dir_1891048/paired/QDK21_DZ052-1_R1_kneaddata_unmatched_2.fastq

Reformatting file sequence identifiers ...

Initial number of reads ( /var/lib/condor/execute/dir_1891048/single/reformatted_identifierszntrrvp7_QDK21_DZ052-1_UN ): 17993.0
Bypass trimming
Total reads after trimming ( /var/lib/condor/execute/dir_1891048/single/reformatted_identifierszntrrvp7_QDK21_DZ052-1_UN ): 17993.0
Decontaminating ...
Running bowtie2 ... 
Total reads after removing those found in reference database ( /var/lib/condor/execute/dir_1891048/single/QDK21_DZ052-1_UN_kneaddata_univec_bowtie2_clean.fastq ): 17833.0
Total reads after merging results from multiple databases ( /var/lib/condor/execute/dir_1891048/single/QDK21_DZ052-1_UN_kneaddata.fastq ): 17833.0

Final output file created: 
/var/lib/condor/execute/dir_1891048/single/QDK21_DZ052-1_UN_kneaddata.fastq

