Reformatting file sequence identifiers ...

Reformatting file sequence identifiers ...

Initial number of reads ( /var/lib/condor/execute/dir_1891081/paired/reformatted_identifiers2pnqles8_QDK21_DZ097-1_R1 ): 1936703.0
Initial number of reads ( /var/lib/condor/execute/dir_1891081/paired/reformatted_identifierspdzl025c_QDK21_DZ097-1_R2 ): 1936703.0
Bypass trimming
Total reads after trimming ( /var/lib/condor/execute/dir_1891081/paired/reformatted_identifiers2pnqles8_QDK21_DZ097-1_R1 ): 1936703.0
Total reads after trimming ( /var/lib/condor/execute/dir_1891081/paired/reformatted_identifierspdzl025c_QDK21_DZ097-1_R2 ): 1936703.0
Decontaminating ...
Running bowtie2 ... 
Total reads after removing those found in reference database ( /var/lib/condor/execute/dir_1891081/paired/QDK21_DZ097-1_R1_kneaddata_univec_bowtie2_paired_clean_1.fastq ): 1934189.0
Total reads after removing those found in reference database ( /var/lib/condor/execute/dir_1891081/paired/QDK21_DZ097-1_R1_kneaddata_univec_bowtie2_paired_clean_2.fastq ): 1934189.0
Total reads after merging results from multiple databases ( /var/lib/condor/execute/dir_1891081/paired/QDK21_DZ097-1_R1_kneaddata_paired_1.fastq ): 1934189.0
Total reads after merging results from multiple databases ( /var/lib/condor/execute/dir_1891081/paired/QDK21_DZ097-1_R1_kneaddata_paired_2.fastq ): 1934189.0
Total reads after removing those found in reference database ( /var/lib/condor/execute/dir_1891081/paired/QDK21_DZ097-1_R1_kneaddata_univec_bowtie2_unmatched_1_clean.fastq ): 0.0
Total reads after merging results from multiple databases ( /var/lib/condor/execute/dir_1891081/paired/QDK21_DZ097-1_R1_kneaddata_unmatched_1.fastq ): 0.0
Total reads after removing those found in reference database ( /var/lib/condor/execute/dir_1891081/paired/QDK21_DZ097-1_R1_kneaddata_univec_bowtie2_unmatched_2_clean.fastq ): 0.0
Total reads after merging results from multiple databases ( /var/lib/condor/execute/dir_1891081/paired/QDK21_DZ097-1_R1_kneaddata_unmatched_2.fastq ): 0.0

Final output files created: 
/var/lib/condor/execute/dir_1891081/paired/QDK21_DZ097-1_R1_kneaddata_paired_1.fastq
/var/lib/condor/execute/dir_1891081/paired/QDK21_DZ097-1_R1_kneaddata_paired_2.fastq
/var/lib/condor/execute/dir_1891081/paired/QDK21_DZ097-1_R1_kneaddata_unmatched_1.fastq
/var/lib/condor/execute/dir_1891081/paired/QDK21_DZ097-1_R1_kneaddata_unmatched_2.fastq

Reformatting file sequence identifiers ...

Initial number of reads ( /var/lib/condor/execute/dir_1891081/single/reformatted_identifierscpor_w1h_QDK21_DZ097-1_UN ): 98116.0
Bypass trimming
Total reads after trimming ( /var/lib/condor/execute/dir_1891081/single/reformatted_identifierscpor_w1h_QDK21_DZ097-1_UN ): 98116.0
Decontaminating ...
Running bowtie2 ... 
Total reads after removing those found in reference database ( /var/lib/condor/execute/dir_1891081/single/QDK21_DZ097-1_UN_kneaddata_univec_bowtie2_clean.fastq ): 97825.0
Total reads after merging results from multiple databases ( /var/lib/condor/execute/dir_1891081/single/QDK21_DZ097-1_UN_kneaddata.fastq ): 97825.0

Final output file created: 
/var/lib/condor/execute/dir_1891081/single/QDK21_DZ097-1_UN_kneaddata.fastq

