Read1 before filtering:
total reads: 2434684
total bases: 345333088
Q20 bases: 314719909(91.1352%)
Q30 bases: 298827929(86.5332%)

Read2 before filtering:
total reads: 2434684
total bases: 345383204
Q20 bases: 310113584(89.7883%)
Q30 bases: 289849999(83.9213%)

Read1 after filtering:
total reads: 2279594
total bases: 306934786
Q20 bases: 290882549(94.7701%)
Q30 bases: 278332334(90.6813%)

Read2 aftering filtering:
total reads: 2279594
total bases: 306410274
Q20 bases: 288689700(94.2167%)
Q30 bases: 272281593(88.8618%)

Filtering result:
reads passed filter: 4559188
reads failed due to low quality: 261836
reads failed due to too many N: 142
reads failed due to too short: 48202
reads with adapter trimmed: 309713
bases trimmed due to adapters: 12312190

Duplication rate: 2.93285%

Insert size peak (evaluated by paired-end reads): 147

JSON report: fastp.json
HTML report: /hpc/users/zwets/analyses/frogs/12-reads-trim/QDK21_DZ046-1.html

/usr/bin/fastp --thread 16 --in1 /hpc/data/genomics/kcri/reads/raw/QDK21/QDK21_DZ046-1_R1.fq.gz --in2 /hpc/data/genomics/kcri/reads/raw/QDK21/QDK21_DZ046-1_R2.fq.gz --out1 /hpc/users/zwets/analyses/frogs/12-reads-trim/QDK21_DZ046-1_R1.fq --out2 /hpc/users/zwets/analyses/frogs/12-reads-trim/QDK21_DZ046-1_R2.fq --unpaired1 /hpc/users/zwets/analyses/frogs/12-reads-trim/QDK21_DZ046-1_UN.fq --html /hpc/users/zwets/analyses/frogs/12-reads-trim/QDK21_DZ046-1.html --adapter_fasta /hpc/users/zwets/analyses/frogs/12-reads-trim/adapters.fna --trim_poly_g --cut_front --cut_tail --trim_tail1 1 -l 36 
fastp v0.20.1, time used: 28 seconds
