Read1 before filtering:
total reads: 2012968
total bases: 284850775
Q20 bases: 254855830(89.4699%)
Q30 bases: 240626340(84.4745%)

Read2 before filtering:
total reads: 2012968
total bases: 284933675
Q20 bases: 249420552(87.5364%)
Q30 bases: 231401978(81.2126%)

Read1 after filtering:
total reads: 1862002
total bases: 247634901
Q20 bases: 232644483(93.9466%)
Q30 bases: 221678766(89.5184%)

Read2 aftering filtering:
total reads: 1862002
total bases: 246965608
Q20 bases: 229778006(93.0405%)
Q30 bases: 215462059(87.2438%)

Filtering result:
reads passed filter: 3724004
reads failed due to low quality: 251716
reads failed due to too many N: 102
reads failed due to too short: 50114
reads with adapter trimmed: 332766
bases trimmed due to adapters: 14261799

Duplication rate: 2.67153%

Insert size peak (evaluated by paired-end reads): 147

JSON report: fastp.json
HTML report: /hpc/users/zwets/analyses/frogs/12-reads-trim/QDK21_DZ085-1.html

/usr/bin/fastp --thread 16 --in1 /hpc/data/genomics/kcri/reads/raw/QDK21/QDK21_DZ085-1_R1.fq.gz --in2 /hpc/data/genomics/kcri/reads/raw/QDK21/QDK21_DZ085-1_R2.fq.gz --out1 /hpc/users/zwets/analyses/frogs/12-reads-trim/QDK21_DZ085-1_R1.fq --out2 /hpc/users/zwets/analyses/frogs/12-reads-trim/QDK21_DZ085-1_R2.fq --unpaired1 /hpc/users/zwets/analyses/frogs/12-reads-trim/QDK21_DZ085-1_UN.fq --html /hpc/users/zwets/analyses/frogs/12-reads-trim/QDK21_DZ085-1.html --adapter_fasta /hpc/users/zwets/analyses/frogs/12-reads-trim/adapters.fna --trim_poly_g --cut_front --cut_tail --trim_tail1 1 -l 36 
fastp v0.20.1, time used: 28 seconds
